[2026-06-20T11:40:32.553+0000] {local_task_job_runner.py:120} INFO - ::group::Pre task execution logs
[2026-06-20T11:40:32.578+0000] {taskinstance.py:2073} INFO - Dependencies all met for dep_context=non-requeueable deps ti=<TaskInstance: predictit_pipeline_minio_snowflake.extract_predictit_to_minio scheduled__2026-06-20T00:00:00+00:00 [queued]>
[2026-06-20T11:40:32.591+0000] {taskinstance.py:2073} INFO - Dependencies all met for dep_context=requeueable deps ti=<TaskInstance: predictit_pipeline_minio_snowflake.extract_predictit_to_minio scheduled__2026-06-20T00:00:00+00:00 [queued]>
[2026-06-20T11:40:32.593+0000] {taskinstance.py:2303} INFO - Starting attempt 1 of 3
[2026-06-20T11:40:32.621+0000] {taskinstance.py:2327} INFO - Executing <Task(PythonOperator): extract_predictit_to_minio> on 2026-06-20 00:00:00+00:00
[2026-06-20T11:40:32.642+0000] {warnings.py:110} WARNING - /home/***/.local/lib/python3.12/site-packages/***/task/task_runner/standard_task_runner.py:61: DeprecationWarning: This process (pid=48) is multi-threaded, use of fork() may lead to deadlocks in the child.
  pid = os.fork()

[2026-06-20T11:40:32.646+0000] {standard_task_runner.py:63} INFO - Started process 50 to run task
[2026-06-20T11:40:32.645+0000] {standard_task_runner.py:90} INFO - Running: ['***', 'tasks', 'run', 'predictit_pipeline_minio_snowflake', 'extract_predictit_to_minio', 'scheduled__2026-06-20T00:00:00+00:00', '--job-id', '25', '--raw', '--subdir', 'DAGS_FOLDER/predictit_dag.py', '--cfg-path', '/tmp/tmp87ujr83h']
[2026-06-20T11:40:32.654+0000] {standard_task_runner.py:91} INFO - Job 25: Subtask extract_predictit_to_minio
[2026-06-20T11:40:32.788+0000] {task_command.py:426} INFO - Running <TaskInstance: predictit_pipeline_minio_snowflake.extract_predictit_to_minio scheduled__2026-06-20T00:00:00+00:00 [running]> on host d1f1de645926
[2026-06-20T11:40:33.292+0000] {taskinstance.py:2644} INFO - Exporting env vars: AIRFLOW_CTX_DAG_OWNER='tu_nombre' AIRFLOW_CTX_DAG_ID='predictit_pipeline_minio_snowflake' AIRFLOW_CTX_TASK_ID='extract_predictit_to_minio' AIRFLOW_CTX_EXECUTION_DATE='2026-06-20T00:00:00+00:00' AIRFLOW_CTX_TRY_NUMBER='1' AIRFLOW_CTX_DAG_RUN_ID='scheduled__2026-06-20T00:00:00+00:00'
[2026-06-20T11:40:33.298+0000] {taskinstance.py:430} INFO - ::endgroup::
[2026-06-20T11:40:33.361+0000] {predictit_ingestion.py:14} INFO - Extrayendo datos de https://www.predictit.org/api/marketdata/all/
[2026-06-20T11:40:35.105+0000] {base.py:84} INFO - Using connection ID 'minio' for task execution.
[2026-06-20T11:40:35.107+0000] {connection_wrapper.py:384} INFO - AWS Connection (conn_id='minio', conn_type='aws') credentials retrieved from login and password.
[2026-06-20T11:40:37.878+0000] {predictit_ingestion.py:33} INFO - Archivo subido a MinIO: s3://predictit-raw/raw/predict_markets_20260620_114035.json
[2026-06-20T11:40:37.880+0000] {python.py:237} INFO - Done. Returned value was: s3://predictit-raw/raw/predict_markets_20260620_114035.json
[2026-06-20T11:40:37.882+0000] {taskinstance.py:441} INFO - ::group::Post task execution logs
[2026-06-20T11:40:37.972+0000] {taskinstance.py:1205} INFO - Marking task as SUCCESS. dag_id=predictit_pipeline_minio_snowflake, task_id=extract_predictit_to_minio, execution_date=20260620T000000, start_date=20260620T114032, end_date=20260620T114037
[2026-06-20T11:40:38.057+0000] {local_task_job_runner.py:240} INFO - Task exited with return code 0
[2026-06-20T11:40:38.095+0000] {taskinstance.py:3482} INFO - 0 downstream tasks scheduled from follow-on schedule check
[2026-06-20T11:40:38.104+0000] {local_task_job_runner.py:222} INFO - ::endgroup::
