[2026-06-17T04:15:33.913+0000] {local_task_job_runner.py:120} INFO - ::group::Pre task execution logs
[2026-06-17T04:15:33.927+0000] {taskinstance.py:2073} INFO - Dependencies all met for dep_context=non-requeueable deps ti=<TaskInstance: predictit_pipeline_minio_snowflake.load_to_snowflake manual__2026-06-17T03:51:42.009523+00:00 [queued]>
[2026-06-17T04:15:33.933+0000] {taskinstance.py:2073} INFO - Dependencies all met for dep_context=requeueable deps ti=<TaskInstance: predictit_pipeline_minio_snowflake.load_to_snowflake manual__2026-06-17T03:51:42.009523+00:00 [queued]>
[2026-06-17T04:15:33.933+0000] {taskinstance.py:2303} INFO - Starting attempt 2 of 3
[2026-06-17T04:15:33.943+0000] {taskinstance.py:2327} INFO - Executing <Task(PythonOperator): load_to_snowflake> on 2026-06-17 03:51:42.009523+00:00
[2026-06-17T04:15:33.950+0000] {warnings.py:110} WARNING - /home/***/.local/lib/python3.12/site-packages/***/task/task_runner/standard_task_runner.py:61: DeprecationWarning: This process (pid=93) is multi-threaded, use of fork() may lead to deadlocks in the child.
  pid = os.fork()

[2026-06-17T04:15:33.953+0000] {standard_task_runner.py:63} INFO - Started process 95 to run task
[2026-06-17T04:15:33.951+0000] {standard_task_runner.py:90} INFO - Running: ['***', 'tasks', 'run', 'predictit_pipeline_minio_snowflake', 'load_to_snowflake', 'manual__2026-06-17T03:51:42.009523+00:00', '--job-id', '12', '--raw', '--subdir', 'DAGS_FOLDER/predictit_dag.py', '--cfg-path', '/tmp/tmpoqnbdknn']
[2026-06-17T04:15:33.954+0000] {standard_task_runner.py:91} INFO - Job 12: Subtask load_to_snowflake
[2026-06-17T04:15:33.995+0000] {task_command.py:426} INFO - Running <TaskInstance: predictit_pipeline_minio_snowflake.load_to_snowflake manual__2026-06-17T03:51:42.009523+00:00 [running]> on host c32ef8d98d59
[2026-06-17T04:15:34.063+0000] {taskinstance.py:2644} INFO - Exporting env vars: AIRFLOW_CTX_DAG_OWNER='tu_nombre' AIRFLOW_CTX_DAG_ID='predictit_pipeline_minio_snowflake' AIRFLOW_CTX_TASK_ID='load_to_snowflake' AIRFLOW_CTX_EXECUTION_DATE='2026-06-17T03:51:42.009523+00:00' AIRFLOW_CTX_TRY_NUMBER='2' AIRFLOW_CTX_DAG_RUN_ID='manual__2026-06-17T03:51:42.009523+00:00'
[2026-06-17T04:15:34.065+0000] {taskinstance.py:430} INFO - ::endgroup::
[2026-06-17T04:15:34.091+0000] {snowflake_loader.py:18} INFO - S3 path obtenido: s3://predictit-raw/raw/predict_markets_20260617_041029.json
[2026-06-17T04:15:34.092+0000] {snowflake_loader.py:24} INFO - Leyendo archivo: raw/predict_markets_20260617_041029.json
[2026-06-17T04:15:34.101+0000] {base.py:84} INFO - Using connection ID 'minio' for task execution.
[2026-06-17T04:15:34.101+0000] {connection_wrapper.py:384} INFO - AWS Connection (conn_id='minio', conn_type='aws') credentials retrieved from login and password.
[2026-06-17T04:15:34.102+0000] {warnings.py:110} WARNING - <string>:9: AirflowProviderDeprecationWarning: extra['host'] is deprecated and will be removed in a future release. Please set extra['endpoint_url'] instead

[2026-06-17T04:15:34.329+0000] {snowflake_loader.py:37} INFO - Procesando 240 mercados
[2026-06-17T04:15:34.334+0000] {snowflake_loader.py:55} INFO - DataFrame creado con 240 filas
[2026-06-17T04:15:34.340+0000] {base.py:84} INFO - Using connection ID 'snowflake_default' for task execution.
[2026-06-17T04:15:34.341+0000] {snowflake_loader.py:60} INFO - Conectando a Snowflake con account=TU_ACCOUNT, database=PREDICTIT_DB, schema=RAW, warehouse=TU_WAREHOUSE
[2026-06-17T04:15:34.342+0000] {connection.py:386} INFO - Snowflake Connector for Python Version: 3.7.1, Python Version: 3.12.2, Platform: Linux-6.6.114.1-microsoft-standard-WSL2-x86_64-with-glibc2.36
[2026-06-17T04:15:34.343+0000] {connection.py:1211} INFO - This connection is in OCSP Fail Open Mode. TLS Certificates would be checked for validity and revocation status. Any other Certificate Revocation related exceptions or OCSP Responder failures would be disregarded in favor of connectivity.
[2026-06-17T04:15:35.908+0000] {snowflake_loader.py:92} ERROR - Error conectando o escribiendo en Snowflake: 250003 (08001): None: 404 Not Found: post https://TU_ACCOUNT.snowflakecomputing.com:443/session/v1/login-request?request_id=e568142f-0dcb-421a-8014-2f74b0e7cdb9&databaseName=PREDICTIT_DB&schemaName=RAW&warehouse=TU_WAREHOUSE&roleName=PUBLIC&request_guid=8ba0b7c4-902e-4547-94d3-c6f18aa36e50
[2026-06-17T04:15:35.908+0000] {taskinstance.py:441} INFO - ::group::Post task execution logs
[2026-06-17T04:15:35.909+0000] {taskinstance.py:2890} ERROR - Task failed with exception
Traceback (most recent call last):
  File "/home/airflow/.local/lib/python3.12/site-packages/airflow/models/taskinstance.py", line 465, in _execute_task
    result = _execute_callable(context=context, **execute_callable_kwargs)
             ^^^^^^^^^^^^^^^^^^^^^^^^^^^^^^^^^^^^^^^^^^^^^^^^^^^^^^^^^^^^^
  File "/home/airflow/.local/lib/python3.12/site-packages/airflow/models/taskinstance.py", line 432, in _execute_callable
    return execute_callable(context=context, **execute_callable_kwargs)
           ^^^^^^^^^^^^^^^^^^^^^^^^^^^^^^^^^^^^^^^^^^^^^^^^^^^^^^^^^^^^
  File "/home/airflow/.local/lib/python3.12/site-packages/airflow/models/baseoperator.py", line 400, in wrapper
    return func(self, *args, **kwargs)
           ^^^^^^^^^^^^^^^^^^^^^^^^^^^
  File "/home/airflow/.local/lib/python3.12/site-packages/airflow/operators/python.py", line 235, in execute
    return_value = self.execute_callable()
                   ^^^^^^^^^^^^^^^^^^^^^^^
  File "/home/airflow/.local/lib/python3.12/site-packages/airflow/operators/python.py", line 252, in execute_callable
    return self.python_callable(*self.op_args, **self.op_kwargs)
           ^^^^^^^^^^^^^^^^^^^^^^^^^^^^^^^^^^^^^^^^^^^^^^^^^^^^^
  File "/opt/airflow/scripts/snowflake_loader.py", line 63, in load_to_snowflake
    ctx = snowflake.connector.connect(
          ^^^^^^^^^^^^^^^^^^^^^^^^^^^^
  File "/home/airflow/.local/lib/python3.12/site-packages/snowflake/connector/__init__.py", line 54, in Connect
    return SnowflakeConnection(**kwargs)
           ^^^^^^^^^^^^^^^^^^^^^^^^^^^^^
  File "/home/airflow/.local/lib/python3.12/site-packages/snowflake/connector/connection.py", line 429, in __init__
    self.connect(**kwargs)
  File "/home/airflow/.local/lib/python3.12/site-packages/snowflake/connector/connection.py", line 719, in connect
    self.__open_connection()
  File "/home/airflow/.local/lib/python3.12/site-packages/snowflake/connector/connection.py", line 1045, in __open_connection
    self.authenticate_with_retry(self.auth_class)
  File "/home/airflow/.local/lib/python3.12/site-packages/snowflake/connector/connection.py", line 1317, in authenticate_with_retry
    self._authenticate(auth_instance)
  File "/home/airflow/.local/lib/python3.12/site-packages/snowflake/connector/connection.py", line 1345, in _authenticate
    auth.authenticate(
  File "/home/airflow/.local/lib/python3.12/site-packages/snowflake/connector/auth/_auth.py", line 250, in authenticate
    ret = self._rest._post_request(
          ^^^^^^^^^^^^^^^^^^^^^^^^^
  File "/home/airflow/.local/lib/python3.12/site-packages/snowflake/connector/network.py", line 734, in _post_request
    ret = self.fetch(
          ^^^^^^^^^^^
  File "/home/airflow/.local/lib/python3.12/site-packages/snowflake/connector/network.py", line 843, in fetch
    ret = self._request_exec_wrapper(
          ^^^^^^^^^^^^^^^^^^^^^^^^^^^
  File "/home/airflow/.local/lib/python3.12/site-packages/snowflake/connector/network.py", line 979, in _request_exec_wrapper
    raise e
  File "/home/airflow/.local/lib/python3.12/site-packages/snowflake/connector/network.py", line 884, in _request_exec_wrapper
    return_object = self._request_exec(
                    ^^^^^^^^^^^^^^^^^^^
  File "/home/airflow/.local/lib/python3.12/site-packages/snowflake/connector/network.py", line 1193, in _request_exec
    raise err
  File "/home/airflow/.local/lib/python3.12/site-packages/snowflake/connector/network.py", line 1135, in _request_exec
    raise_failed_request_error(
  File "/home/airflow/.local/lib/python3.12/site-packages/snowflake/connector/network.py", line 238, in raise_failed_request_error
    Error.errorhandler_wrapper(
  File "/home/airflow/.local/lib/python3.12/site-packages/snowflake/connector/errors.py", line 290, in errorhandler_wrapper
    handed_over = Error.hand_to_other_handler(
                  ^^^^^^^^^^^^^^^^^^^^^^^^^^^^
  File "/home/airflow/.local/lib/python3.12/site-packages/snowflake/connector/errors.py", line 348, in hand_to_other_handler
    connection.errorhandler(connection, cursor, error_class, error_value)
  File "/home/airflow/.local/lib/python3.12/site-packages/snowflake/connector/errors.py", line 221, in default_errorhandler
    raise error_class(
snowflake.connector.errors.InterfaceError: 250003 (08001): None: 404 Not Found: post https://TU_ACCOUNT.snowflakecomputing.com:443/session/v1/login-request?request_id=e568142f-0dcb-421a-8014-2f74b0e7cdb9&databaseName=PREDICTIT_DB&schemaName=RAW&warehouse=TU_WAREHOUSE&roleName=PUBLIC&request_guid=8ba0b7c4-902e-4547-94d3-c6f18aa36e50
[2026-06-17T04:15:35.918+0000] {taskinstance.py:1205} INFO - Marking task as UP_FOR_RETRY. dag_id=predictit_pipeline_minio_snowflake, task_id=load_to_snowflake, execution_date=20260617T035142, start_date=20260617T041533, end_date=20260617T041535
[2026-06-17T04:15:35.929+0000] {standard_task_runner.py:110} ERROR - Failed to execute job 12 for task load_to_snowflake (250003 (08001): None: 404 Not Found: post https://TU_ACCOUNT.snowflakecomputing.com:443/session/v1/login-request?request_id=e568142f-0dcb-421a-8014-2f74b0e7cdb9&databaseName=PREDICTIT_DB&schemaName=RAW&warehouse=TU_WAREHOUSE&roleName=PUBLIC&request_guid=8ba0b7c4-902e-4547-94d3-c6f18aa36e50; 95)
[2026-06-17T04:15:35.972+0000] {local_task_job_runner.py:240} INFO - Task exited with return code 1
[2026-06-17T04:15:35.998+0000] {taskinstance.py:3482} INFO - 0 downstream tasks scheduled from follow-on schedule check
[2026-06-17T04:15:36.000+0000] {local_task_job_runner.py:222} INFO - ::endgroup::
