[2026-06-17T05:09:18.794+0000] {local_task_job_runner.py:120} INFO - ::group::Pre task execution logs
[2026-06-17T05:09:18.806+0000] {taskinstance.py:2073} INFO - Dependencies all met for dep_context=non-requeueable deps ti=<TaskInstance: predictit_pipeline_minio_snowflake.load_to_snowflake manual__2026-06-17T04:58:56.854174+00:00 [queued]>
[2026-06-17T05:09:18.811+0000] {taskinstance.py:2073} INFO - Dependencies all met for dep_context=requeueable deps ti=<TaskInstance: predictit_pipeline_minio_snowflake.load_to_snowflake manual__2026-06-17T04:58:56.854174+00:00 [queued]>
[2026-06-17T05:09:18.811+0000] {taskinstance.py:2303} INFO - Starting attempt 1 of 3
[2026-06-17T05:09:18.821+0000] {taskinstance.py:2327} INFO - Executing <Task(PythonOperator): load_to_snowflake> on 2026-06-17 04:58:56.854174+00:00
[2026-06-17T05:09:18.828+0000] {warnings.py:110} WARNING - /home/***/.local/lib/python3.12/site-packages/***/task/task_runner/standard_task_runner.py:61: DeprecationWarning: This process (pid=75) is multi-threaded, use of fork() may lead to deadlocks in the child.
  pid = os.fork()

[2026-06-17T05:09:18.829+0000] {standard_task_runner.py:63} INFO - Started process 77 to run task
[2026-06-17T05:09:18.830+0000] {standard_task_runner.py:90} INFO - Running: ['***', 'tasks', 'run', 'predictit_pipeline_minio_snowflake', 'load_to_snowflake', 'manual__2026-06-17T04:58:56.854174+00:00', '--job-id', '7', '--raw', '--subdir', 'DAGS_FOLDER/predictit_dag.py', '--cfg-path', '/tmp/tmput8uc8n4']
[2026-06-17T05:09:18.832+0000] {standard_task_runner.py:91} INFO - Job 7: Subtask load_to_snowflake
[2026-06-17T05:09:18.868+0000] {task_command.py:426} INFO - Running <TaskInstance: predictit_pipeline_minio_snowflake.load_to_snowflake manual__2026-06-17T04:58:56.854174+00:00 [running]> on host b2cde376f368
[2026-06-17T05:09:18.930+0000] {taskinstance.py:2644} INFO - Exporting env vars: AIRFLOW_CTX_DAG_OWNER='tu_nombre' AIRFLOW_CTX_DAG_ID='predictit_pipeline_minio_snowflake' AIRFLOW_CTX_TASK_ID='load_to_snowflake' AIRFLOW_CTX_EXECUTION_DATE='2026-06-17T04:58:56.854174+00:00' AIRFLOW_CTX_TRY_NUMBER='1' AIRFLOW_CTX_DAG_RUN_ID='manual__2026-06-17T04:58:56.854174+00:00'
[2026-06-17T05:09:18.931+0000] {taskinstance.py:430} INFO - ::endgroup::
[2026-06-17T05:09:18.950+0000] {snowflake_loader.py:18} INFO - S3 path obtenido: s3://predictit-raw/raw/predict_markets_20260617_050916.json
[2026-06-17T05:09:18.951+0000] {snowflake_loader.py:24} INFO - Leyendo archivo: raw/predict_markets_20260617_050916.json
[2026-06-17T05:09:18.959+0000] {base.py:84} INFO - Using connection ID 'minio' for task execution.
[2026-06-17T05:09:18.960+0000] {connection_wrapper.py:384} INFO - AWS Connection (conn_id='minio', conn_type='aws') credentials retrieved from login and password.
[2026-06-17T05:09:19.064+0000] {snowflake_loader.py:37} INFO - Procesando 240 mercados
[2026-06-17T05:09:19.066+0000] {snowflake_loader.py:55} INFO - DataFrame creado con 240 filas
[2026-06-17T05:09:19.072+0000] {base.py:84} INFO - Using connection ID 'snowflake_default' for task execution.
[2026-06-17T05:09:19.073+0000] {snowflake_loader.py:60} INFO - Conectando a Snowflake con account=jsdvygg-ss12697, database=PREDICTIT_DB, schema=RAW, warehouse=COMPUTE_WH
[2026-06-17T05:09:19.073+0000] {connection.py:386} INFO - Snowflake Connector for Python Version: 3.7.1, Python Version: 3.12.2, Platform: Linux-6.6.114.1-microsoft-standard-WSL2-x86_64-with-glibc2.36
[2026-06-17T05:09:19.074+0000] {connection.py:1211} INFO - This connection is in OCSP Fail Open Mode. TLS Certificates would be checked for validity and revocation status. Any other Certificate Revocation related exceptions or OCSP Responder failures would be disregarded in favor of connectivity.
[2026-06-17T05:09:19.613+0000] {snowflake_loader.py:92} ERROR - Error conectando o escribiendo en Snowflake: 250001 (08001): None: Failed to connect to DB: jsdvygg-ss12697.snowflakecomputing.com:443. Incorrect username or password was specified.
[2026-06-17T05:09:19.613+0000] {taskinstance.py:441} INFO - ::group::Post task execution logs
[2026-06-17T05:09:19.614+0000] {taskinstance.py:2890} ERROR - Task failed with exception
Traceback (most recent call last):
  File "/home/airflow/.local/lib/python3.12/site-packages/airflow/models/taskinstance.py", line 465, in _execute_task
    result = _execute_callable(context=context, **execute_callable_kwargs)
             ^^^^^^^^^^^^^^^^^^^^^^^^^^^^^^^^^^^^^^^^^^^^^^^^^^^^^^^^^^^^^
  File "/home/airflow/.local/lib/python3.12/site-packages/airflow/models/taskinstance.py", line 432, in _execute_callable
    return execute_callable(context=context, **execute_callable_kwargs)
           ^^^^^^^^^^^^^^^^^^^^^^^^^^^^^^^^^^^^^^^^^^^^^^^^^^^^^^^^^^^^
  File "/home/airflow/.local/lib/python3.12/site-packages/airflow/models/baseoperator.py", line 400, in wrapper
    return func(self, *args, **kwargs)
           ^^^^^^^^^^^^^^^^^^^^^^^^^^^
  File "/home/airflow/.local/lib/python3.12/site-packages/airflow/operators/python.py", line 235, in execute
    return_value = self.execute_callable()
                   ^^^^^^^^^^^^^^^^^^^^^^^
  File "/home/airflow/.local/lib/python3.12/site-packages/airflow/operators/python.py", line 252, in execute_callable
    return self.python_callable(*self.op_args, **self.op_kwargs)
           ^^^^^^^^^^^^^^^^^^^^^^^^^^^^^^^^^^^^^^^^^^^^^^^^^^^^^
  File "/opt/airflow/scripts/snowflake_loader.py", line 63, in load_to_snowflake
    ctx = snowflake.connector.connect(
          ^^^^^^^^^^^^^^^^^^^^^^^^^^^^
  File "/home/airflow/.local/lib/python3.12/site-packages/snowflake/connector/__init__.py", line 54, in Connect
    return SnowflakeConnection(**kwargs)
           ^^^^^^^^^^^^^^^^^^^^^^^^^^^^^
  File "/home/airflow/.local/lib/python3.12/site-packages/snowflake/connector/connection.py", line 429, in __init__
    self.connect(**kwargs)
  File "/home/airflow/.local/lib/python3.12/site-packages/snowflake/connector/connection.py", line 719, in connect
    self.__open_connection()
  File "/home/airflow/.local/lib/python3.12/site-packages/snowflake/connector/connection.py", line 1045, in __open_connection
    self.authenticate_with_retry(self.auth_class)
  File "/home/airflow/.local/lib/python3.12/site-packages/snowflake/connector/connection.py", line 1317, in authenticate_with_retry
    self._authenticate(auth_instance)
  File "/home/airflow/.local/lib/python3.12/site-packages/snowflake/connector/connection.py", line 1345, in _authenticate
    auth.authenticate(
  File "/home/airflow/.local/lib/python3.12/site-packages/snowflake/connector/auth/_auth.py", line 401, in authenticate
    Error.errorhandler_wrapper(
  File "/home/airflow/.local/lib/python3.12/site-packages/snowflake/connector/errors.py", line 290, in errorhandler_wrapper
    handed_over = Error.hand_to_other_handler(
                  ^^^^^^^^^^^^^^^^^^^^^^^^^^^^
  File "/home/airflow/.local/lib/python3.12/site-packages/snowflake/connector/errors.py", line 348, in hand_to_other_handler
    connection.errorhandler(connection, cursor, error_class, error_value)
  File "/home/airflow/.local/lib/python3.12/site-packages/snowflake/connector/errors.py", line 221, in default_errorhandler
    raise error_class(
snowflake.connector.errors.DatabaseError: 250001 (08001): None: Failed to connect to DB: jsdvygg-ss12697.snowflakecomputing.com:443. Incorrect username or password was specified.
[2026-06-17T05:09:19.621+0000] {taskinstance.py:1205} INFO - Marking task as UP_FOR_RETRY. dag_id=predictit_pipeline_minio_snowflake, task_id=load_to_snowflake, execution_date=20260617T045856, start_date=20260617T050918, end_date=20260617T050919
[2026-06-17T05:09:19.631+0000] {standard_task_runner.py:110} ERROR - Failed to execute job 7 for task load_to_snowflake (250001 (08001): None: Failed to connect to DB: jsdvygg-ss12697.snowflakecomputing.com:443. Incorrect username or password was specified.; 77)
[2026-06-17T05:09:19.645+0000] {local_task_job_runner.py:240} INFO - Task exited with return code 1
[2026-06-17T05:09:19.661+0000] {taskinstance.py:3482} INFO - 0 downstream tasks scheduled from follow-on schedule check
[2026-06-17T05:09:19.663+0000] {local_task_job_runner.py:222} INFO - ::endgroup::
