[2026-06-19T03:38:47.092+0000] {local_task_job_runner.py:120} INFO - ::group::Pre task execution logs
[2026-06-19T03:38:47.123+0000] {taskinstance.py:2073} INFO - Dependencies all met for dep_context=non-requeueable deps ti=<TaskInstance: predictit_pipeline_minio_snowflake.extract_predictit_to_minio manual__2026-06-19T03:38:37.357265+00:00 [queued]>
[2026-06-19T03:38:47.142+0000] {taskinstance.py:2073} INFO - Dependencies all met for dep_context=requeueable deps ti=<TaskInstance: predictit_pipeline_minio_snowflake.extract_predictit_to_minio manual__2026-06-19T03:38:37.357265+00:00 [queued]>
[2026-06-19T03:38:47.143+0000] {taskinstance.py:2303} INFO - Starting attempt 1 of 3
[2026-06-19T03:38:47.172+0000] {taskinstance.py:2327} INFO - Executing <Task(PythonOperator): extract_predictit_to_minio> on 2026-06-19 03:38:37.357265+00:00
[2026-06-19T03:38:47.192+0000] {warnings.py:110} WARNING - /home/***/.local/lib/python3.12/site-packages/***/task/task_runner/standard_task_runner.py:61: DeprecationWarning: This process (pid=48) is multi-threaded, use of fork() may lead to deadlocks in the child.
  pid = os.fork()

[2026-06-19T03:38:47.198+0000] {standard_task_runner.py:63} INFO - Started process 50 to run task
[2026-06-19T03:38:47.211+0000] {standard_task_runner.py:90} INFO - Running: ['***', 'tasks', 'run', 'predictit_pipeline_minio_snowflake', 'extract_predictit_to_minio', 'manual__2026-06-19T03:38:37.357265+00:00', '--job-id', '9', '--raw', '--subdir', 'DAGS_FOLDER/predictit_dag.py', '--cfg-path', '/tmp/tmphc4dlu3g']
[2026-06-19T03:38:47.254+0000] {standard_task_runner.py:91} INFO - Job 9: Subtask extract_predictit_to_minio
[2026-06-19T03:38:47.557+0000] {task_command.py:426} INFO - Running <TaskInstance: predictit_pipeline_minio_snowflake.extract_predictit_to_minio manual__2026-06-19T03:38:37.357265+00:00 [running]> on host 828e00940a8c
[2026-06-19T03:38:48.108+0000] {taskinstance.py:2644} INFO - Exporting env vars: AIRFLOW_CTX_DAG_OWNER='tu_nombre' AIRFLOW_CTX_DAG_ID='predictit_pipeline_minio_snowflake' AIRFLOW_CTX_TASK_ID='extract_predictit_to_minio' AIRFLOW_CTX_EXECUTION_DATE='2026-06-19T03:38:37.357265+00:00' AIRFLOW_CTX_TRY_NUMBER='1' AIRFLOW_CTX_DAG_RUN_ID='manual__2026-06-19T03:38:37.357265+00:00'
[2026-06-19T03:38:48.128+0000] {taskinstance.py:430} INFO - ::endgroup::
[2026-06-19T03:38:48.257+0000] {predictit_ingestion.py:14} INFO - Extrayendo datos de https://www.predictit.org/api/marketdata/all/
[2026-06-19T03:38:49.726+0000] {base.py:84} INFO - Using connection ID 'minio' for task execution.
[2026-06-19T03:38:49.728+0000] {connection_wrapper.py:384} INFO - AWS Connection (conn_id='minio', conn_type='aws') credentials retrieved from login and password.
[2026-06-19T03:38:50.953+0000] {predictit_ingestion.py:33} INFO - Archivo subido a MinIO: s3://predictit-raw/raw/predict_markets_20260619_033849.json
[2026-06-19T03:38:50.954+0000] {python.py:237} INFO - Done. Returned value was: s3://predictit-raw/raw/predict_markets_20260619_033849.json
[2026-06-19T03:38:50.956+0000] {taskinstance.py:441} INFO - ::group::Post task execution logs
[2026-06-19T03:38:50.997+0000] {taskinstance.py:1205} INFO - Marking task as SUCCESS. dag_id=predictit_pipeline_minio_snowflake, task_id=extract_predictit_to_minio, execution_date=20260619T033837, start_date=20260619T033847, end_date=20260619T033850
[2026-06-19T03:38:51.078+0000] {local_task_job_runner.py:240} INFO - Task exited with return code 0
[2026-06-19T03:38:51.123+0000] {taskinstance.py:3482} INFO - 1 downstream tasks scheduled from follow-on schedule check
[2026-06-19T03:38:51.127+0000] {local_task_job_runner.py:222} INFO - ::endgroup::
