[2026-06-17T03:59:59.588+0000] {local_task_job_runner.py:120} INFO - ::group::Pre task execution logs
[2026-06-17T03:59:59.601+0000] {taskinstance.py:2073} INFO - Dependencies all met for dep_context=non-requeueable deps ti=<TaskInstance: predictit_pipeline_minio_snowflake.load_to_snowflake scheduled__2026-06-16T18:00:00+00:00 [queued]>
[2026-06-17T03:59:59.606+0000] {taskinstance.py:2073} INFO - Dependencies all met for dep_context=requeueable deps ti=<TaskInstance: predictit_pipeline_minio_snowflake.load_to_snowflake scheduled__2026-06-16T18:00:00+00:00 [queued]>
[2026-06-17T03:59:59.607+0000] {taskinstance.py:2303} INFO - Starting attempt 3 of 3
[2026-06-17T03:59:59.616+0000] {taskinstance.py:2327} INFO - Executing <Task(PythonOperator): load_to_snowflake> on 2026-06-16 18:00:00+00:00
[2026-06-17T03:59:59.623+0000] {warnings.py:110} WARNING - /home/***/.local/lib/python3.12/site-packages/***/task/task_runner/standard_task_runner.py:61: DeprecationWarning: This process (pid=68) is multi-threaded, use of fork() may lead to deadlocks in the child.
  pid = os.fork()

[2026-06-17T03:59:59.624+0000] {standard_task_runner.py:63} INFO - Started process 70 to run task
[2026-06-17T03:59:59.624+0000] {standard_task_runner.py:90} INFO - Running: ['***', 'tasks', 'run', 'predictit_pipeline_minio_snowflake', 'load_to_snowflake', 'scheduled__2026-06-16T18:00:00+00:00', '--job-id', '5', '--raw', '--subdir', 'DAGS_FOLDER/predictit_dag.py', '--cfg-path', '/tmp/tmpslnfxq55']
[2026-06-17T03:59:59.626+0000] {standard_task_runner.py:91} INFO - Job 5: Subtask load_to_snowflake
[2026-06-17T03:59:59.668+0000] {task_command.py:426} INFO - Running <TaskInstance: predictit_pipeline_minio_snowflake.load_to_snowflake scheduled__2026-06-16T18:00:00+00:00 [running]> on host c32ef8d98d59
[2026-06-17T03:59:59.739+0000] {taskinstance.py:2644} INFO - Exporting env vars: AIRFLOW_CTX_DAG_OWNER='tu_nombre' AIRFLOW_CTX_DAG_ID='predictit_pipeline_minio_snowflake' AIRFLOW_CTX_TASK_ID='load_to_snowflake' AIRFLOW_CTX_EXECUTION_DATE='2026-06-16T18:00:00+00:00' AIRFLOW_CTX_TRY_NUMBER='3' AIRFLOW_CTX_DAG_RUN_ID='scheduled__2026-06-16T18:00:00+00:00'
[2026-06-17T03:59:59.740+0000] {taskinstance.py:430} INFO - ::endgroup::
[2026-06-17T03:59:59.770+0000] {base.py:84} INFO - Using connection ID 'minio' for task execution.
[2026-06-17T03:59:59.770+0000] {connection_wrapper.py:384} INFO - AWS Connection (conn_id='minio', conn_type='aws') credentials retrieved from login and password.
[2026-06-17T03:59:59.771+0000] {warnings.py:110} WARNING - <string>:9: AirflowProviderDeprecationWarning: extra['host'] is deprecated and will be removed in a future release. Please set extra['endpoint_url'] instead

[2026-06-17T03:59:59.976+0000] {snowflake_loader.py:30} INFO - Procesando 240 mercados
[2026-06-17T03:59:59.986+0000] {base.py:84} INFO - Using connection ID 'snowflake_default' for task execution.
[2026-06-17T03:59:59.987+0000] {connection.py:386} INFO - Snowflake Connector for Python Version: 3.7.1, Python Version: 3.12.2, Platform: Linux-6.6.114.1-microsoft-standard-WSL2-x86_64-with-glibc2.36
[2026-06-17T03:59:59.988+0000] {connection.py:1211} INFO - This connection is in OCSP Fail Open Mode. TLS Certificates would be checked for validity and revocation status. Any other Certificate Revocation related exceptions or OCSP Responder failures would be disregarded in favor of connectivity.
[2026-06-17T04:00:04.425+0000] {taskinstance.py:441} INFO - ::group::Post task execution logs
[2026-06-17T04:00:04.426+0000] {taskinstance.py:2890} ERROR - Task failed with exception
Traceback (most recent call last):
  File "/home/airflow/.local/lib/python3.12/site-packages/airflow/models/taskinstance.py", line 465, in _execute_task
    result = _execute_callable(context=context, **execute_callable_kwargs)
             ^^^^^^^^^^^^^^^^^^^^^^^^^^^^^^^^^^^^^^^^^^^^^^^^^^^^^^^^^^^^^
  File "/home/airflow/.local/lib/python3.12/site-packages/airflow/models/taskinstance.py", line 432, in _execute_callable
    return execute_callable(context=context, **execute_callable_kwargs)
           ^^^^^^^^^^^^^^^^^^^^^^^^^^^^^^^^^^^^^^^^^^^^^^^^^^^^^^^^^^^^
  File "/home/airflow/.local/lib/python3.12/site-packages/airflow/models/baseoperator.py", line 400, in wrapper
    return func(self, *args, **kwargs)
           ^^^^^^^^^^^^^^^^^^^^^^^^^^^
  File "/home/airflow/.local/lib/python3.12/site-packages/airflow/operators/python.py", line 235, in execute
    return_value = self.execute_callable()
                   ^^^^^^^^^^^^^^^^^^^^^^^
  File "/home/airflow/.local/lib/python3.12/site-packages/airflow/operators/python.py", line 252, in execute_callable
    return self.python_callable(*self.op_args, **self.op_kwargs)
           ^^^^^^^^^^^^^^^^^^^^^^^^^^^^^^^^^^^^^^^^^^^^^^^^^^^^^
  File "/opt/airflow/scripts/snowflake_loader.py", line 51, in load_to_snowflake
    ctx = snowflake.connector.connect(
          ^^^^^^^^^^^^^^^^^^^^^^^^^^^^
  File "/home/airflow/.local/lib/python3.12/site-packages/snowflake/connector/__init__.py", line 54, in Connect
    return SnowflakeConnection(**kwargs)
           ^^^^^^^^^^^^^^^^^^^^^^^^^^^^^
  File "/home/airflow/.local/lib/python3.12/site-packages/snowflake/connector/connection.py", line 429, in __init__
    self.connect(**kwargs)
  File "/home/airflow/.local/lib/python3.12/site-packages/snowflake/connector/connection.py", line 719, in connect
    self.__open_connection()
  File "/home/airflow/.local/lib/python3.12/site-packages/snowflake/connector/connection.py", line 1045, in __open_connection
    self.authenticate_with_retry(self.auth_class)
  File "/home/airflow/.local/lib/python3.12/site-packages/snowflake/connector/connection.py", line 1317, in authenticate_with_retry
    self._authenticate(auth_instance)
  File "/home/airflow/.local/lib/python3.12/site-packages/snowflake/connector/connection.py", line 1345, in _authenticate
    auth.authenticate(
  File "/home/airflow/.local/lib/python3.12/site-packages/snowflake/connector/auth/_auth.py", line 250, in authenticate
    ret = self._rest._post_request(
          ^^^^^^^^^^^^^^^^^^^^^^^^^
  File "/home/airflow/.local/lib/python3.12/site-packages/snowflake/connector/network.py", line 734, in _post_request
    ret = self.fetch(
          ^^^^^^^^^^^
  File "/home/airflow/.local/lib/python3.12/site-packages/snowflake/connector/network.py", line 843, in fetch
    ret = self._request_exec_wrapper(
          ^^^^^^^^^^^^^^^^^^^^^^^^^^^
  File "/home/airflow/.local/lib/python3.12/site-packages/snowflake/connector/network.py", line 979, in _request_exec_wrapper
    raise e
  File "/home/airflow/.local/lib/python3.12/site-packages/snowflake/connector/network.py", line 884, in _request_exec_wrapper
    return_object = self._request_exec(
                    ^^^^^^^^^^^^^^^^^^^
  File "/home/airflow/.local/lib/python3.12/site-packages/snowflake/connector/network.py", line 1193, in _request_exec
    raise err
  File "/home/airflow/.local/lib/python3.12/site-packages/snowflake/connector/network.py", line 1135, in _request_exec
    raise_failed_request_error(
  File "/home/airflow/.local/lib/python3.12/site-packages/snowflake/connector/network.py", line 238, in raise_failed_request_error
    Error.errorhandler_wrapper(
  File "/home/airflow/.local/lib/python3.12/site-packages/snowflake/connector/errors.py", line 290, in errorhandler_wrapper
    handed_over = Error.hand_to_other_handler(
                  ^^^^^^^^^^^^^^^^^^^^^^^^^^^^
  File "/home/airflow/.local/lib/python3.12/site-packages/snowflake/connector/errors.py", line 348, in hand_to_other_handler
    connection.errorhandler(connection, cursor, error_class, error_value)
  File "/home/airflow/.local/lib/python3.12/site-packages/snowflake/connector/errors.py", line 221, in default_errorhandler
    raise error_class(
snowflake.connector.errors.InterfaceError: 250003 (08001): None: 404 Not Found: post https://TU_ACCOUNT.snowflakecomputing.com:443/session/v1/login-request?request_id=3edd5b9c-5606-4b23-8cc8-fe3eed0d3c7e&databaseName=PREDICTIT_DB&schemaName=RAW&warehouse=TU_WAREHOUSE&roleName=PUBLIC&request_guid=dfde9727-7a06-4a54-b6f3-d3bd79a9f0d3
[2026-06-17T04:00:04.434+0000] {taskinstance.py:1205} INFO - Marking task as FAILED. dag_id=predictit_pipeline_minio_snowflake, task_id=load_to_snowflake, execution_date=20260616T180000, start_date=20260617T035959, end_date=20260617T040004
[2026-06-17T04:00:04.444+0000] {standard_task_runner.py:110} ERROR - Failed to execute job 5 for task load_to_snowflake (250003 (08001): None: 404 Not Found: post https://TU_ACCOUNT.snowflakecomputing.com:443/session/v1/login-request?request_id=3edd5b9c-5606-4b23-8cc8-fe3eed0d3c7e&databaseName=PREDICTIT_DB&schemaName=RAW&warehouse=TU_WAREHOUSE&roleName=PUBLIC&request_guid=dfde9727-7a06-4a54-b6f3-d3bd79a9f0d3; 70)
[2026-06-17T04:00:04.492+0000] {local_task_job_runner.py:240} INFO - Task exited with return code 1
[2026-06-17T04:00:04.508+0000] {taskinstance.py:3482} INFO - 0 downstream tasks scheduled from follow-on schedule check
[2026-06-17T04:00:04.511+0000] {local_task_job_runner.py:222} INFO - ::endgroup::
[2026-06-17T04:37:21.191+0000] {local_task_job_runner.py:120} INFO - ::group::Pre task execution logs
[2026-06-17T04:37:21.204+0000] {taskinstance.py:2073} INFO - Dependencies all met for dep_context=non-requeueable deps ti=<TaskInstance: predictit_pipeline_minio_snowflake.load_to_snowflake scheduled__2026-06-16T18:00:00+00:00 [queued]>
[2026-06-17T04:37:21.209+0000] {taskinstance.py:2073} INFO - Dependencies all met for dep_context=requeueable deps ti=<TaskInstance: predictit_pipeline_minio_snowflake.load_to_snowflake scheduled__2026-06-16T18:00:00+00:00 [queued]>
[2026-06-17T04:37:21.210+0000] {taskinstance.py:2303} INFO - Starting attempt 3 of 3
[2026-06-17T04:37:21.225+0000] {taskinstance.py:2327} INFO - Executing <Task(PythonOperator): load_to_snowflake> on 2026-06-16 18:00:00+00:00
[2026-06-17T04:37:21.231+0000] {warnings.py:110} WARNING - /home/***/.local/lib/python3.12/site-packages/***/task/task_runner/standard_task_runner.py:61: DeprecationWarning: This process (pid=68) is multi-threaded, use of fork() may lead to deadlocks in the child.
  pid = os.fork()

[2026-06-17T04:37:21.233+0000] {standard_task_runner.py:63} INFO - Started process 70 to run task
[2026-06-17T04:37:21.232+0000] {standard_task_runner.py:90} INFO - Running: ['***', 'tasks', 'run', 'predictit_pipeline_minio_snowflake', 'load_to_snowflake', 'scheduled__2026-06-16T18:00:00+00:00', '--job-id', '6', '--raw', '--subdir', 'DAGS_FOLDER/predictit_dag.py', '--cfg-path', '/tmp/tmpjauunfaa']
[2026-06-17T04:37:21.235+0000] {standard_task_runner.py:91} INFO - Job 6: Subtask load_to_snowflake
[2026-06-17T04:37:21.278+0000] {task_command.py:426} INFO - Running <TaskInstance: predictit_pipeline_minio_snowflake.load_to_snowflake scheduled__2026-06-16T18:00:00+00:00 [running]> on host 35808c9cbbd6
[2026-06-17T04:37:21.354+0000] {taskinstance.py:2644} INFO - Exporting env vars: AIRFLOW_CTX_DAG_OWNER='tu_nombre' AIRFLOW_CTX_DAG_ID='predictit_pipeline_minio_snowflake' AIRFLOW_CTX_TASK_ID='load_to_snowflake' AIRFLOW_CTX_EXECUTION_DATE='2026-06-16T18:00:00+00:00' AIRFLOW_CTX_TRY_NUMBER='3' AIRFLOW_CTX_DAG_RUN_ID='scheduled__2026-06-16T18:00:00+00:00'
[2026-06-17T04:37:21.355+0000] {taskinstance.py:430} INFO - ::endgroup::
[2026-06-17T04:37:21.376+0000] {snowflake_loader.py:18} INFO - S3 path obtenido: s3://predictit-raw/raw/predict_markets_20260617_042708.json
[2026-06-17T04:37:21.377+0000] {snowflake_loader.py:24} INFO - Leyendo archivo: raw/predict_markets_20260617_042708.json
[2026-06-17T04:37:21.385+0000] {base.py:84} INFO - Using connection ID 'minio' for task execution.
[2026-06-17T04:37:21.385+0000] {connection_wrapper.py:384} INFO - AWS Connection (conn_id='minio', conn_type='aws') credentials retrieved from login and password.
[2026-06-17T04:37:21.497+0000] {snowflake_loader.py:37} INFO - Procesando 240 mercados
[2026-06-17T04:37:21.499+0000] {snowflake_loader.py:55} INFO - DataFrame creado con 240 filas
[2026-06-17T04:37:21.505+0000] {base.py:84} INFO - Using connection ID 'snowflake_default' for task execution.
[2026-06-17T04:37:21.506+0000] {snowflake_loader.py:60} INFO - Conectando a Snowflake con account=JSDVYGG-SS12697, database=PREDICTIT_DB, schema=RAW, warehouse=COMPUTE_WH
[2026-06-17T04:37:21.507+0000] {connection.py:386} INFO - Snowflake Connector for Python Version: 3.7.1, Python Version: 3.12.2, Platform: Linux-6.6.114.1-microsoft-standard-WSL2-x86_64-with-glibc2.36
[2026-06-17T04:37:21.508+0000] {connection.py:1211} INFO - This connection is in OCSP Fail Open Mode. TLS Certificates would be checked for validity and revocation status. Any other Certificate Revocation related exceptions or OCSP Responder failures would be disregarded in favor of connectivity.
[2026-06-17T04:37:23.442+0000] {snowflake_loader.py:92} ERROR - Error conectando o escribiendo en Snowflake: 250001 (08001): None: Failed to connect to DB: JSDVYGG-SS12697.snowflakecomputing.com:443. Incorrect username or password was specified.
[2026-06-17T04:37:23.443+0000] {taskinstance.py:441} INFO - ::group::Post task execution logs
[2026-06-17T04:37:23.443+0000] {taskinstance.py:2890} ERROR - Task failed with exception
Traceback (most recent call last):
  File "/home/airflow/.local/lib/python3.12/site-packages/airflow/models/taskinstance.py", line 465, in _execute_task
    result = _execute_callable(context=context, **execute_callable_kwargs)
             ^^^^^^^^^^^^^^^^^^^^^^^^^^^^^^^^^^^^^^^^^^^^^^^^^^^^^^^^^^^^^
  File "/home/airflow/.local/lib/python3.12/site-packages/airflow/models/taskinstance.py", line 432, in _execute_callable
    return execute_callable(context=context, **execute_callable_kwargs)
           ^^^^^^^^^^^^^^^^^^^^^^^^^^^^^^^^^^^^^^^^^^^^^^^^^^^^^^^^^^^^
  File "/home/airflow/.local/lib/python3.12/site-packages/airflow/models/baseoperator.py", line 400, in wrapper
    return func(self, *args, **kwargs)
           ^^^^^^^^^^^^^^^^^^^^^^^^^^^
  File "/home/airflow/.local/lib/python3.12/site-packages/airflow/operators/python.py", line 235, in execute
    return_value = self.execute_callable()
                   ^^^^^^^^^^^^^^^^^^^^^^^
  File "/home/airflow/.local/lib/python3.12/site-packages/airflow/operators/python.py", line 252, in execute_callable
    return self.python_callable(*self.op_args, **self.op_kwargs)
           ^^^^^^^^^^^^^^^^^^^^^^^^^^^^^^^^^^^^^^^^^^^^^^^^^^^^^
  File "/opt/airflow/scripts/snowflake_loader.py", line 63, in load_to_snowflake
    ctx = snowflake.connector.connect(
          ^^^^^^^^^^^^^^^^^^^^^^^^^^^^
  File "/home/airflow/.local/lib/python3.12/site-packages/snowflake/connector/__init__.py", line 54, in Connect
    return SnowflakeConnection(**kwargs)
           ^^^^^^^^^^^^^^^^^^^^^^^^^^^^^
  File "/home/airflow/.local/lib/python3.12/site-packages/snowflake/connector/connection.py", line 429, in __init__
    self.connect(**kwargs)
  File "/home/airflow/.local/lib/python3.12/site-packages/snowflake/connector/connection.py", line 719, in connect
    self.__open_connection()
  File "/home/airflow/.local/lib/python3.12/site-packages/snowflake/connector/connection.py", line 1045, in __open_connection
    self.authenticate_with_retry(self.auth_class)
  File "/home/airflow/.local/lib/python3.12/site-packages/snowflake/connector/connection.py", line 1317, in authenticate_with_retry
    self._authenticate(auth_instance)
  File "/home/airflow/.local/lib/python3.12/site-packages/snowflake/connector/connection.py", line 1345, in _authenticate
    auth.authenticate(
  File "/home/airflow/.local/lib/python3.12/site-packages/snowflake/connector/auth/_auth.py", line 401, in authenticate
    Error.errorhandler_wrapper(
  File "/home/airflow/.local/lib/python3.12/site-packages/snowflake/connector/errors.py", line 290, in errorhandler_wrapper
    handed_over = Error.hand_to_other_handler(
                  ^^^^^^^^^^^^^^^^^^^^^^^^^^^^
  File "/home/airflow/.local/lib/python3.12/site-packages/snowflake/connector/errors.py", line 348, in hand_to_other_handler
    connection.errorhandler(connection, cursor, error_class, error_value)
  File "/home/airflow/.local/lib/python3.12/site-packages/snowflake/connector/errors.py", line 221, in default_errorhandler
    raise error_class(
snowflake.connector.errors.DatabaseError: 250001 (08001): None: Failed to connect to DB: JSDVYGG-SS12697.snowflakecomputing.com:443. Incorrect username or password was specified.
[2026-06-17T04:37:23.451+0000] {taskinstance.py:1205} INFO - Marking task as FAILED. dag_id=predictit_pipeline_minio_snowflake, task_id=load_to_snowflake, execution_date=20260616T180000, start_date=20260617T043721, end_date=20260617T043723
[2026-06-17T04:37:23.471+0000] {standard_task_runner.py:110} ERROR - Failed to execute job 6 for task load_to_snowflake (250001 (08001): None: Failed to connect to DB: JSDVYGG-SS12697.snowflakecomputing.com:443. Incorrect username or password was specified.; 70)
[2026-06-17T04:37:23.494+0000] {local_task_job_runner.py:240} INFO - Task exited with return code 1
[2026-06-17T04:37:23.510+0000] {taskinstance.py:3482} INFO - 0 downstream tasks scheduled from follow-on schedule check
[2026-06-17T04:37:23.517+0000] {local_task_job_runner.py:222} INFO - ::endgroup::
[2026-06-17T05:09:09.897+0000] {local_task_job_runner.py:120} INFO - ::group::Pre task execution logs
[2026-06-17T05:09:09.910+0000] {taskinstance.py:2073} INFO - Dependencies all met for dep_context=non-requeueable deps ti=<TaskInstance: predictit_pipeline_minio_snowflake.load_to_snowflake scheduled__2026-06-16T18:00:00+00:00 [queued]>
[2026-06-17T05:09:09.915+0000] {taskinstance.py:2073} INFO - Dependencies all met for dep_context=requeueable deps ti=<TaskInstance: predictit_pipeline_minio_snowflake.load_to_snowflake scheduled__2026-06-16T18:00:00+00:00 [queued]>
[2026-06-17T05:09:09.916+0000] {taskinstance.py:2303} INFO - Starting attempt 3 of 3
[2026-06-17T05:09:09.927+0000] {taskinstance.py:2327} INFO - Executing <Task(PythonOperator): load_to_snowflake> on 2026-06-16 18:00:00+00:00
[2026-06-17T05:09:09.934+0000] {warnings.py:110} WARNING - /home/***/.local/lib/python3.12/site-packages/***/task/task_runner/standard_task_runner.py:61: DeprecationWarning: This process (pid=67) is multi-threaded, use of fork() may lead to deadlocks in the child.
  pid = os.fork()

[2026-06-17T05:09:09.938+0000] {standard_task_runner.py:63} INFO - Started process 69 to run task
[2026-06-17T05:09:09.936+0000] {standard_task_runner.py:90} INFO - Running: ['***', 'tasks', 'run', 'predictit_pipeline_minio_snowflake', 'load_to_snowflake', 'scheduled__2026-06-16T18:00:00+00:00', '--job-id', '5', '--raw', '--subdir', 'DAGS_FOLDER/predictit_dag.py', '--cfg-path', '/tmp/tmph61_0rty']
[2026-06-17T05:09:09.941+0000] {standard_task_runner.py:91} INFO - Job 5: Subtask load_to_snowflake
[2026-06-17T05:09:10.011+0000] {task_command.py:426} INFO - Running <TaskInstance: predictit_pipeline_minio_snowflake.load_to_snowflake scheduled__2026-06-16T18:00:00+00:00 [running]> on host b2cde376f368
[2026-06-17T05:09:10.092+0000] {taskinstance.py:2644} INFO - Exporting env vars: AIRFLOW_CTX_DAG_OWNER='tu_nombre' AIRFLOW_CTX_DAG_ID='predictit_pipeline_minio_snowflake' AIRFLOW_CTX_TASK_ID='load_to_snowflake' AIRFLOW_CTX_EXECUTION_DATE='2026-06-16T18:00:00+00:00' AIRFLOW_CTX_TRY_NUMBER='3' AIRFLOW_CTX_DAG_RUN_ID='scheduled__2026-06-16T18:00:00+00:00'
[2026-06-17T05:09:10.093+0000] {taskinstance.py:430} INFO - ::endgroup::
[2026-06-17T05:09:10.135+0000] {snowflake_loader.py:18} INFO - S3 path obtenido: s3://predictit-raw/raw/predict_markets_20260617_045858.json
[2026-06-17T05:09:10.137+0000] {snowflake_loader.py:24} INFO - Leyendo archivo: raw/predict_markets_20260617_045858.json
[2026-06-17T05:09:10.146+0000] {base.py:84} INFO - Using connection ID 'minio' for task execution.
[2026-06-17T05:09:10.147+0000] {connection_wrapper.py:384} INFO - AWS Connection (conn_id='minio', conn_type='aws') credentials retrieved from login and password.
[2026-06-17T05:09:10.302+0000] {snowflake_loader.py:37} INFO - Procesando 240 mercados
[2026-06-17T05:09:10.316+0000] {snowflake_loader.py:55} INFO - DataFrame creado con 240 filas
[2026-06-17T05:09:10.327+0000] {base.py:84} INFO - Using connection ID 'snowflake_default' for task execution.
[2026-06-17T05:09:10.328+0000] {snowflake_loader.py:60} INFO - Conectando a Snowflake con account=jsdvygg-ss12697, database=PREDICTIT_DB, schema=RAW, warehouse=COMPUTE_WH
[2026-06-17T05:09:10.328+0000] {connection.py:386} INFO - Snowflake Connector for Python Version: 3.7.1, Python Version: 3.12.2, Platform: Linux-6.6.114.1-microsoft-standard-WSL2-x86_64-with-glibc2.36
[2026-06-17T05:09:10.330+0000] {connection.py:1211} INFO - This connection is in OCSP Fail Open Mode. TLS Certificates would be checked for validity and revocation status. Any other Certificate Revocation related exceptions or OCSP Responder failures would be disregarded in favor of connectivity.
[2026-06-17T05:09:12.190+0000] {snowflake_loader.py:92} ERROR - Error conectando o escribiendo en Snowflake: 250001 (08001): None: Failed to connect to DB: jsdvygg-ss12697.snowflakecomputing.com:443. Incorrect username or password was specified.
[2026-06-17T05:09:12.190+0000] {taskinstance.py:441} INFO - ::group::Post task execution logs
[2026-06-17T05:09:12.191+0000] {taskinstance.py:2890} ERROR - Task failed with exception
Traceback (most recent call last):
  File "/home/airflow/.local/lib/python3.12/site-packages/airflow/models/taskinstance.py", line 465, in _execute_task
    result = _execute_callable(context=context, **execute_callable_kwargs)
             ^^^^^^^^^^^^^^^^^^^^^^^^^^^^^^^^^^^^^^^^^^^^^^^^^^^^^^^^^^^^^
  File "/home/airflow/.local/lib/python3.12/site-packages/airflow/models/taskinstance.py", line 432, in _execute_callable
    return execute_callable(context=context, **execute_callable_kwargs)
           ^^^^^^^^^^^^^^^^^^^^^^^^^^^^^^^^^^^^^^^^^^^^^^^^^^^^^^^^^^^^
  File "/home/airflow/.local/lib/python3.12/site-packages/airflow/models/baseoperator.py", line 400, in wrapper
    return func(self, *args, **kwargs)
           ^^^^^^^^^^^^^^^^^^^^^^^^^^^
  File "/home/airflow/.local/lib/python3.12/site-packages/airflow/operators/python.py", line 235, in execute
    return_value = self.execute_callable()
                   ^^^^^^^^^^^^^^^^^^^^^^^
  File "/home/airflow/.local/lib/python3.12/site-packages/airflow/operators/python.py", line 252, in execute_callable
    return self.python_callable(*self.op_args, **self.op_kwargs)
           ^^^^^^^^^^^^^^^^^^^^^^^^^^^^^^^^^^^^^^^^^^^^^^^^^^^^^
  File "/opt/airflow/scripts/snowflake_loader.py", line 63, in load_to_snowflake
    ctx = snowflake.connector.connect(
          ^^^^^^^^^^^^^^^^^^^^^^^^^^^^
  File "/home/airflow/.local/lib/python3.12/site-packages/snowflake/connector/__init__.py", line 54, in Connect
    return SnowflakeConnection(**kwargs)
           ^^^^^^^^^^^^^^^^^^^^^^^^^^^^^
  File "/home/airflow/.local/lib/python3.12/site-packages/snowflake/connector/connection.py", line 429, in __init__
    self.connect(**kwargs)
  File "/home/airflow/.local/lib/python3.12/site-packages/snowflake/connector/connection.py", line 719, in connect
    self.__open_connection()
  File "/home/airflow/.local/lib/python3.12/site-packages/snowflake/connector/connection.py", line 1045, in __open_connection
    self.authenticate_with_retry(self.auth_class)
  File "/home/airflow/.local/lib/python3.12/site-packages/snowflake/connector/connection.py", line 1317, in authenticate_with_retry
    self._authenticate(auth_instance)
  File "/home/airflow/.local/lib/python3.12/site-packages/snowflake/connector/connection.py", line 1345, in _authenticate
    auth.authenticate(
  File "/home/airflow/.local/lib/python3.12/site-packages/snowflake/connector/auth/_auth.py", line 401, in authenticate
    Error.errorhandler_wrapper(
  File "/home/airflow/.local/lib/python3.12/site-packages/snowflake/connector/errors.py", line 290, in errorhandler_wrapper
    handed_over = Error.hand_to_other_handler(
                  ^^^^^^^^^^^^^^^^^^^^^^^^^^^^
  File "/home/airflow/.local/lib/python3.12/site-packages/snowflake/connector/errors.py", line 348, in hand_to_other_handler
    connection.errorhandler(connection, cursor, error_class, error_value)
  File "/home/airflow/.local/lib/python3.12/site-packages/snowflake/connector/errors.py", line 221, in default_errorhandler
    raise error_class(
snowflake.connector.errors.DatabaseError: 250001 (08001): None: Failed to connect to DB: jsdvygg-ss12697.snowflakecomputing.com:443. Incorrect username or password was specified.
[2026-06-17T05:09:12.204+0000] {taskinstance.py:1205} INFO - Marking task as FAILED. dag_id=predictit_pipeline_minio_snowflake, task_id=load_to_snowflake, execution_date=20260616T180000, start_date=20260617T050909, end_date=20260617T050912
[2026-06-17T05:09:12.219+0000] {standard_task_runner.py:110} ERROR - Failed to execute job 5 for task load_to_snowflake (250001 (08001): None: Failed to connect to DB: jsdvygg-ss12697.snowflakecomputing.com:443. Incorrect username or password was specified.; 69)
[2026-06-17T05:09:12.240+0000] {local_task_job_runner.py:240} INFO - Task exited with return code 1
[2026-06-17T05:09:12.257+0000] {taskinstance.py:3482} INFO - 0 downstream tasks scheduled from follow-on schedule check
[2026-06-17T05:09:12.260+0000] {local_task_job_runner.py:222} INFO - ::endgroup::
