[2026-06-19T03:47:00.523+0000] {local_task_job_runner.py:120} INFO - ::group::Pre task execution logs
[2026-06-19T03:47:00.571+0000] {taskinstance.py:2073} INFO - Dependencies all met for dep_context=non-requeueable deps ti=<TaskInstance: predictit_pipeline_minio_snowflake.load_to_snowflake manual__2026-06-19T03:46:42.452308+00:00 [queued]>
[2026-06-19T03:47:00.623+0000] {taskinstance.py:2073} INFO - Dependencies all met for dep_context=requeueable deps ti=<TaskInstance: predictit_pipeline_minio_snowflake.load_to_snowflake manual__2026-06-19T03:46:42.452308+00:00 [queued]>
[2026-06-19T03:47:00.629+0000] {taskinstance.py:2303} INFO - Starting attempt 1 of 3
[2026-06-19T03:47:00.680+0000] {taskinstance.py:2327} INFO - Executing <Task(PythonOperator): load_to_snowflake> on 2026-06-19 03:46:42.452308+00:00
[2026-06-19T03:47:00.742+0000] {standard_task_runner.py:90} INFO - Running: ['***', 'tasks', 'run', 'predictit_pipeline_minio_snowflake', 'load_to_snowflake', 'manual__2026-06-19T03:46:42.452308+00:00', '--job-id', '13', '--raw', '--subdir', 'DAGS_FOLDER/predictit_dag.py', '--cfg-path', '/tmp/tmp2ngu7qmu']
[2026-06-19T03:47:00.735+0000] {warnings.py:110} WARNING - /home/***/.local/lib/python3.12/site-packages/***/task/task_runner/standard_task_runner.py:61: DeprecationWarning: This process (pid=53) is multi-threaded, use of fork() may lead to deadlocks in the child.
  pid = os.fork()

[2026-06-19T03:47:00.754+0000] {standard_task_runner.py:91} INFO - Job 13: Subtask load_to_snowflake
[2026-06-19T03:47:00.756+0000] {standard_task_runner.py:63} INFO - Started process 55 to run task
[2026-06-19T03:47:01.065+0000] {task_command.py:426} INFO - Running <TaskInstance: predictit_pipeline_minio_snowflake.load_to_snowflake manual__2026-06-19T03:46:42.452308+00:00 [running]> on host d358f0c4362d
[2026-06-19T03:47:01.780+0000] {taskinstance.py:2644} INFO - Exporting env vars: AIRFLOW_CTX_DAG_OWNER='tu_nombre' AIRFLOW_CTX_DAG_ID='predictit_pipeline_minio_snowflake' AIRFLOW_CTX_TASK_ID='load_to_snowflake' AIRFLOW_CTX_EXECUTION_DATE='2026-06-19T03:46:42.452308+00:00' AIRFLOW_CTX_TRY_NUMBER='1' AIRFLOW_CTX_DAG_RUN_ID='manual__2026-06-19T03:46:42.452308+00:00'
[2026-06-19T03:47:01.787+0000] {taskinstance.py:430} INFO - ::endgroup::
[2026-06-19T03:47:01.925+0000] {base.py:84} INFO - Using connection ID 'minio' for task execution.
[2026-06-19T03:47:01.928+0000] {connection_wrapper.py:384} INFO - AWS Connection (conn_id='minio', conn_type='aws') credentials retrieved from login and password.
[2026-06-19T03:47:02.309+0000] {snowflake_loader.py:31} INFO - Procesando 242 mercados
[2026-06-19T03:47:02.324+0000] {base.py:84} INFO - Using connection ID 'snowflake_default' for task execution.
[2026-06-19T03:47:02.327+0000] {connection.py:386} INFO - Snowflake Connector for Python Version: 3.7.1, Python Version: 3.12.2, Platform: Linux-6.18.33.1-microsoft-standard-WSL2-x86_64-with-glibc2.36
[2026-06-19T03:47:02.332+0000] {connection.py:1211} INFO - This connection is in OCSP Fail Open Mode. TLS Certificates would be checked for validity and revocation status. Any other Certificate Revocation related exceptions or OCSP Responder failures would be disregarded in favor of connectivity.
[2026-06-19T03:47:05.735+0000] {cursor.py:1032} INFO - query: [SELECT COUNT(*) FROM STG_PREDICTIT_MARKETS]
[2026-06-19T03:47:06.021+0000] {cursor.py:1045} INFO - query execution done
[2026-06-19T03:47:06.023+0000] {cursor.py:1205} INFO - Number of results in first chunk: 1
[2026-06-19T03:47:06.025+0000] {snowflake_loader.py:68} INFO - Filas antes de la inserción: 3376
[2026-06-19T03:47:06.031+0000] {cursor.py:1032} INFO - query: [INSERT INTO STG_PREDICTIT_MARKETS (MARKET_ID, MARKET_NAME, SHORT_NAME, URL, TIME...]
[2026-06-19T03:47:06.654+0000] {cursor.py:1045} INFO - query execution done
[2026-06-19T03:47:06.659+0000] {snowflake_loader.py:78} INFO - Insertadas 242 filas
[2026-06-19T03:47:06.662+0000] {cursor.py:1032} INFO - query: [SELECT COUNT(*) FROM STG_PREDICTIT_MARKETS]
[2026-06-19T03:47:06.966+0000] {cursor.py:1045} INFO - query execution done
[2026-06-19T03:47:06.968+0000] {cursor.py:1205} INFO - Number of results in first chunk: 1
[2026-06-19T03:47:06.970+0000] {snowflake_loader.py:83} INFO - Filas después de la inserción: 3618
[2026-06-19T03:47:06.972+0000] {connection.py:734} INFO - closed
[2026-06-19T03:47:07.154+0000] {connection.py:740} INFO - No async queries seem to be running, deleting session
[2026-06-19T03:47:07.340+0000] {snowflake_loader.py:92} INFO - Carga completada exitosamente
[2026-06-19T03:47:07.342+0000] {python.py:237} INFO - Done. Returned value was: None
[2026-06-19T03:47:07.344+0000] {taskinstance.py:441} INFO - ::group::Post task execution logs
[2026-06-19T03:47:07.358+0000] {taskinstance.py:1205} INFO - Marking task as SUCCESS. dag_id=predictit_pipeline_minio_snowflake, task_id=load_to_snowflake, execution_date=20260619T034642, start_date=20260619T034700, end_date=20260619T034707
[2026-06-19T03:47:07.707+0000] {local_task_job_runner.py:240} INFO - Task exited with return code 0
[2026-06-19T03:47:07.777+0000] {taskinstance.py:3482} INFO - 0 downstream tasks scheduled from follow-on schedule check
[2026-06-19T03:47:07.811+0000] {local_task_job_runner.py:222} INFO - ::endgroup::
