[2026-06-17T05:18:19.137+0000] {local_task_job_runner.py:120} INFO - ::group::Pre task execution logs
[2026-06-17T05:18:19.148+0000] {taskinstance.py:2073} INFO - Dependencies all met for dep_context=non-requeueable deps ti=<TaskInstance: predictit_pipeline_minio_snowflake.load_to_snowflake manual__2026-06-17T05:17:55.710167+00:00 [queued]>
[2026-06-17T05:18:19.154+0000] {taskinstance.py:2073} INFO - Dependencies all met for dep_context=requeueable deps ti=<TaskInstance: predictit_pipeline_minio_snowflake.load_to_snowflake manual__2026-06-17T05:17:55.710167+00:00 [queued]>
[2026-06-17T05:18:19.155+0000] {taskinstance.py:2303} INFO - Starting attempt 1 of 3
[2026-06-17T05:18:19.170+0000] {taskinstance.py:2327} INFO - Executing <Task(PythonOperator): load_to_snowflake> on 2026-06-17 05:17:55.710167+00:00
[2026-06-17T05:18:19.177+0000] {warnings.py:110} WARNING - /home/***/.local/lib/python3.12/site-packages/***/task/task_runner/standard_task_runner.py:61: DeprecationWarning: This process (pid=71) is multi-threaded, use of fork() may lead to deadlocks in the child.
  pid = os.fork()

[2026-06-17T05:18:19.179+0000] {standard_task_runner.py:63} INFO - Started process 73 to run task
[2026-06-17T05:18:19.179+0000] {standard_task_runner.py:90} INFO - Running: ['***', 'tasks', 'run', 'predictit_pipeline_minio_snowflake', 'load_to_snowflake', 'manual__2026-06-17T05:17:55.710167+00:00', '--job-id', '5', '--raw', '--subdir', 'DAGS_FOLDER/predictit_dag.py', '--cfg-path', '/tmp/tmp0dpq2a43']
[2026-06-17T05:18:19.181+0000] {standard_task_runner.py:91} INFO - Job 5: Subtask load_to_snowflake
[2026-06-17T05:18:19.221+0000] {task_command.py:426} INFO - Running <TaskInstance: predictit_pipeline_minio_snowflake.load_to_snowflake manual__2026-06-17T05:17:55.710167+00:00 [running]> on host 54671d8077fc
[2026-06-17T05:18:19.298+0000] {taskinstance.py:2644} INFO - Exporting env vars: AIRFLOW_CTX_DAG_OWNER='tu_nombre' AIRFLOW_CTX_DAG_ID='predictit_pipeline_minio_snowflake' AIRFLOW_CTX_TASK_ID='load_to_snowflake' AIRFLOW_CTX_EXECUTION_DATE='2026-06-17T05:17:55.710167+00:00' AIRFLOW_CTX_TRY_NUMBER='1' AIRFLOW_CTX_DAG_RUN_ID='manual__2026-06-17T05:17:55.710167+00:00'
[2026-06-17T05:18:19.299+0000] {taskinstance.py:430} INFO - ::endgroup::
[2026-06-17T05:18:19.318+0000] {snowflake_loader.py:18} INFO - S3 path obtenido: s3://predictit-raw/raw/predict_markets_20260617_051816.json
[2026-06-17T05:18:19.319+0000] {snowflake_loader.py:24} INFO - Leyendo archivo: raw/predict_markets_20260617_051816.json
[2026-06-17T05:18:19.326+0000] {base.py:84} INFO - Using connection ID 'minio' for task execution.
[2026-06-17T05:18:19.328+0000] {connection_wrapper.py:384} INFO - AWS Connection (conn_id='minio', conn_type='aws') credentials retrieved from login and password.
[2026-06-17T05:18:19.439+0000] {snowflake_loader.py:37} INFO - Procesando 240 mercados
[2026-06-17T05:18:19.442+0000] {snowflake_loader.py:55} INFO - DataFrame creado con 240 filas
[2026-06-17T05:18:19.449+0000] {base.py:84} INFO - Using connection ID 'snowflake_default' for task execution.
[2026-06-17T05:18:19.449+0000] {snowflake_loader.py:60} INFO - Conectando a Snowflake con account=jsdvygg-ss12697, database=PREDICTIT_DB, schema=RAW, warehouse=COMPUTE_WH
[2026-06-17T05:18:19.450+0000] {connection.py:386} INFO - Snowflake Connector for Python Version: 3.7.1, Python Version: 3.12.2, Platform: Linux-6.6.114.1-microsoft-standard-WSL2-x86_64-with-glibc2.36
[2026-06-17T05:18:19.450+0000] {connection.py:1211} INFO - This connection is in OCSP Fail Open Mode. TLS Certificates would be checked for validity and revocation status. Any other Certificate Revocation related exceptions or OCSP Responder failures would be disregarded in favor of connectivity.
[2026-06-17T05:18:21.077+0000] {snowflake_loader.py:75} INFO - Conexión a Snowflake establecida correctamente
[2026-06-17T05:18:21.079+0000] {cursor.py:1032} INFO - query: [CREATE TEMP STAGE /* Python:snowflake.connector.pandas_tools.write_pandas() */ P...]
[2026-06-17T05:18:21.300+0000] {cursor.py:1045} INFO - query execution done
[2026-06-17T05:18:21.300+0000] {cursor.py:1205} INFO - Number of results in first chunk: 1
[2026-06-17T05:18:21.314+0000] {cursor.py:1032} INFO - query: [PUT /* Python:snowflake.connector.pandas_tools.write_pandas() */ 'file:///tmp/tm...]
[2026-06-17T05:18:21.552+0000] {cursor.py:1045} INFO - query execution done
[2026-06-17T05:18:22.753+0000] {cursor.py:1032} INFO - query: [COPY INTO PREDICTIT_DB.RAW.STG_PREDICTIT_MARKETS /* Python:snowflake.connector.p...]
[2026-06-17T05:18:23.851+0000] {cursor.py:1045} INFO - query execution done
[2026-06-17T05:18:23.852+0000] {cursor.py:1205} INFO - Number of results in first chunk: 1
[2026-06-17T05:18:23.852+0000] {snowflake_loader.py:88} INFO - Escritura exitosa: True, Filas insertadas: 240
[2026-06-17T05:18:23.852+0000] {connection.py:734} INFO - closed
[2026-06-17T05:18:23.995+0000] {connection.py:740} INFO - No async queries seem to be running, deleting session
[2026-06-17T05:18:24.146+0000] {python.py:237} INFO - Done. Returned value was: None
[2026-06-17T05:18:24.146+0000] {taskinstance.py:441} INFO - ::group::Post task execution logs
[2026-06-17T05:18:24.153+0000] {taskinstance.py:1205} INFO - Marking task as SUCCESS. dag_id=predictit_pipeline_minio_snowflake, task_id=load_to_snowflake, execution_date=20260617T051755, start_date=20260617T051819, end_date=20260617T051824
[2026-06-17T05:18:24.208+0000] {local_task_job_runner.py:240} INFO - Task exited with return code 0
[2026-06-17T05:18:24.221+0000] {taskinstance.py:3482} INFO - 0 downstream tasks scheduled from follow-on schedule check
[2026-06-17T05:18:24.226+0000] {local_task_job_runner.py:222} INFO - ::endgroup::
